f:\vs\学校作业\mfcgraph1\mfcgraph1\debug\mfcgraph1.pch
f:\vs\学校作业\mfcgraph1\mfcgraph1\debug\vc120.pdb
f:\vs\学校作业\mfcgraph1\mfcgraph1\debug\vc120.idb
f:\vs\学校作业\mfcgraph1\mfcgraph1\debug\stdafx.obj
f:\vs\学校作业\mfcgraph1\mfcgraph1\debug\mainfrm.obj
f:\vs\学校作业\mfcgraph1\mfcgraph1\debug\mfcgraph1.obj
f:\vs\学校作业\mfcgraph1\mfcgraph1\debug\mfcgraph1doc.obj
f:\vs\学校作业\mfcgraph1\mfcgraph1\debug\mfcgraph1view.obj
f:\vs\学校作业\mfcgraph1\mfcgraph1\debug\mfcgraph1.res
f:\vs\学校作业\mfcgraph1\debug\mfcgraph1.pdb
f:\vs\学校作业\mfcgraph1\mfcgraph1\debug\mfcgraph1.tlog\cl.command.1.tlog
f:\vs\学校作业\mfcgraph1\mfcgraph1\debug\mfcgraph1.tlog\cl.read.1.tlog
f:\vs\学校作业\mfcgraph1\mfcgraph1\debug\mfcgraph1.tlog\cl.write.1.tlog
f:\vs\学校作业\mfcgraph1\mfcgraph1\debug\mfcgraph1.tlog\link-cvtres.read.1.tlog
f:\vs\学校作业\mfcgraph1\mfcgraph1\debug\mfcgraph1.tlog\link-cvtres.write.1.tlog
f:\vs\学校作业\mfcgraph1\mfcgraph1\debug\mfcgraph1.tlog\link-mt.read.1.tlog
f:\vs\学校作业\mfcgraph1\mfcgraph1\debug\mfcgraph1.tlog\link-mt.write.1.tlog
f:\vs\学校作业\mfcgraph1\mfcgraph1\debug\mfcgraph1.tlog\link-rc.read.1.tlog
f:\vs\学校作业\mfcgraph1\mfcgraph1\debug\mfcgraph1.tlog\link-rc.write.1.tlog
f:\vs\学校作业\mfcgraph1\mfcgraph1\debug\mfcgraph1.tlog\link.22616-cvtres.read.1.tlog
f:\vs\学校作业\mfcgraph1\mfcgraph1\debug\mfcgraph1.tlog\link.22616-cvtres.write.1.tlog
f:\vs\学校作业\mfcgraph1\mfcgraph1\debug\mfcgraph1.tlog\link.22616-mt.read.1.tlog
f:\vs\学校作业\mfcgraph1\mfcgraph1\debug\mfcgraph1.tlog\link.22616-mt.write.1.tlog
f:\vs\学校作业\mfcgraph1\mfcgraph1\debug\mfcgraph1.tlog\link.22616-rc.read.1.tlog
f:\vs\学校作业\mfcgraph1\mfcgraph1\debug\mfcgraph1.tlog\link.22616-rc.write.1.tlog
f:\vs\学校作业\mfcgraph1\mfcgraph1\debug\mfcgraph1.tlog\link.22616.read.1.tlog
f:\vs\学校作业\mfcgraph1\mfcgraph1\debug\mfcgraph1.tlog\link.22616.write.1.tlog
f:\vs\学校作业\mfcgraph1\mfcgraph1\debug\mfcgraph1.tlog\link.command.1.tlog
f:\vs\学校作业\mfcgraph1\mfcgraph1\debug\mfcgraph1.tlog\link.read.1.tlog
f:\vs\学校作业\mfcgraph1\mfcgraph1\debug\mfcgraph1.tlog\link.read.2.tlog
f:\vs\学校作业\mfcgraph1\mfcgraph1\debug\mfcgraph1.tlog\link.read.3.tlog
f:\vs\学校作业\mfcgraph1\mfcgraph1\debug\mfcgraph1.tlog\link.read.4.tlog
f:\vs\学校作业\mfcgraph1\mfcgraph1\debug\mfcgraph1.tlog\link.read.5.tlog
f:\vs\学校作业\mfcgraph1\mfcgraph1\debug\mfcgraph1.tlog\link.read.6.tlog
f:\vs\学校作业\mfcgraph1\mfcgraph1\debug\mfcgraph1.tlog\link.read.7.tlog
f:\vs\学校作业\mfcgraph1\mfcgraph1\debug\mfcgraph1.tlog\link.write.1.tlog
f:\vs\学校作业\mfcgraph1\mfcgraph1\debug\mfcgraph1.tlog\rc.command.1.tlog
f:\vs\学校作业\mfcgraph1\mfcgraph1\debug\mfcgraph1.tlog\rc.read.1.tlog
f:\vs\学校作业\mfcgraph1\mfcgraph1\debug\mfcgraph1.tlog\rc.write.1.tlog
