生成启动时间为 2019/4/21 17:45:12。
     1>项目“F:\VS\学校作业\图形学\MFCGraph1\githubUp\Graphic-algorithm\MFCGraph1\MFCGraph1.vcxproj”在节点 2 上(Build 个目标)。
     1>ClCompile:
         D:\Program Files\VC\bin\CL.exe /c /ZI /nologo /W3 /WX- /Od /Oy- /D WIN32 /D _WINDOWS /D _DEBUG /D _UNICODE /D UNICODE /D _AFXDLL /Gm /EHsc /RTC1 /MDd /GS /fp:precise /Zc:wchar_t /Zc:forScope /Yc"stdafx.h" /Fp"Debug\MFCGraph1.pch" /Fo"Debug\\" /Fd"Debug\vc120.pdb" /Gd /TP /analyze- /errorReport:prompt stdafx.cpp
         stdafx.cpp
         D:\Program Files\VC\bin\CL.exe /c /ZI /nologo /W3 /WX- /Od /Oy- /D WIN32 /D _WINDOWS /D _DEBUG /D _UNICODE /D UNICODE /D _AFXDLL /Gm /EHsc /RTC1 /MDd /GS /fp:precise /Zc:wchar_t /Zc:forScope /Yu"stdafx.h" /Fp"Debug\MFCGraph1.pch" /Fo"Debug\\" /Fd"Debug\vc120.pdb" /Gd /TP /analyze- /errorReport:prompt MainFrm.cpp MFCGraph1.cpp MFCGraph1Doc.cpp MFCGraph1View.cpp
         MFCGraph1View.cpp
         MFCGraph1Doc.cpp
         MFCGraph1.cpp
         MainFrm.cpp
         正在生成代码...
       ResourceCompile:
         C:\Program Files (x86)\Windows Kits\8.1\bin\x86\rc.exe /D _DEBUG /D _UNICODE /D UNICODE /D _AFXDLL /l"0x0804" /IDebug\ /nologo /fo"Debug\MFCGraph1.res" MFCGraph1.rc 
       Link:
         D:\Program Files\VC\bin\link.exe /ERRORREPORT:PROMPT /OUT:"F:\VS\学校作业\图形学\MFCGraph1\githubUp\Graphic-algorithm\Debug\MFCGraph1.exe" /INCREMENTAL /NOLOGO /MANIFEST /MANIFESTUAC:"level='asInvoker' uiAccess='false'" /manifest:embed /manifestinput:"D:\Program Files\VC\Include\Manifest\dpiaware.manifest" /DEBUG /PDB:"F:\VS\学校作业\图形学\MFCGraph1\githubUp\Graphic-algorithm\Debug\MFCGraph1.pdb" /SUBSYSTEM:WINDOWS /TLBID:1 /ENTRY:"wWinMainCRTStartup" /DYNAMICBASE /NXCOMPAT /IMPLIB:"F:\VS\学校作业\图形学\MFCGraph1\githubUp\Graphic-algorithm\Debug\MFCGraph1.lib" /MACHINE:X86 Debug\MFCGraph1.res
         Debug\MainFrm.obj
         Debug\MFCGraph1.obj
         Debug\MFCGraph1Doc.obj
         Debug\MFCGraph1View.obj
         Debug\stdafx.obj
         MFCGraph1.vcxproj -> F:\VS\学校作业\图形学\MFCGraph1\githubUp\Graphic-algorithm\Debug\MFCGraph1.exe
     1>已完成生成项目“F:\VS\学校作业\图形学\MFCGraph1\githubUp\Graphic-algorithm\MFCGraph1\MFCGraph1.vcxproj”(Build 个目标)的操作。

生成成功。

已用时间 00:00:07.07
