生成启动时间为 2019/4/21 17:43:27。
     1>项目“F:\VS\学校作业\图形学\MFCGraph2\MFCGraph2\MFCGraph2.vcxproj”在节点 2 上(Build 个目标)。
     1>ClCompile:
         D:\Program Files\VC\bin\CL.exe /c /ZI /nologo /W3 /WX- /Od /Oy- /D WIN32 /D _WINDOWS /D _DEBUG /D _UNICODE /D UNICODE /D _AFXDLL /Gm /EHsc /RTC1 /MDd /GS /fp:precise /Zc:wchar_t /Zc:forScope /Yc"stdafx.h" /Fp"Debug\MFCGraph2.pch" /Fo"Debug\\" /Fd"Debug\vc120.pdb" /Gd /TP /analyze- /errorReport:prompt stdafx.cpp
         stdafx.cpp
         D:\Program Files\VC\bin\CL.exe /c /ZI /nologo /W3 /WX- /Od /Oy- /D WIN32 /D _WINDOWS /D _DEBUG /D _UNICODE /D UNICODE /D _AFXDLL /Gm /EHsc /RTC1 /MDd /GS /fp:precise /Zc:wchar_t /Zc:forScope /Yu"stdafx.h" /Fp"Debug\MFCGraph2.pch" /Fo"Debug\\" /Fd"Debug\vc120.pdb" /Gd /TP /analyze- /errorReport:prompt MainFrm.cpp MFCGraph2.cpp MFCGraph2Doc.cpp MFCGraph2View.cpp
         MFCGraph2View.cpp
         MFCGraph2Doc.cpp
         MFCGraph2.cpp
         MainFrm.cpp
         正在生成代码...
       ResourceCompile:
         C:\Program Files (x86)\Windows Kits\8.1\bin\x86\rc.exe /D _DEBUG /D _UNICODE /D UNICODE /D _AFXDLL /l"0x0804" /IDebug\ /nologo /fo"Debug\MFCGraph2.res" MFCGraph2.rc 
       Link:
         D:\Program Files\VC\bin\link.exe /ERRORREPORT:PROMPT /OUT:"F:\VS\学校作业\图形学\MFCGraph2\Debug\MFCGraph2.exe" /INCREMENTAL /NOLOGO /MANIFEST /MANIFESTUAC:"level='asInvoker' uiAccess='false'" /manifest:embed /manifestinput:"D:\Program Files\VC\Include\Manifest\dpiaware.manifest" /DEBUG /PDB:"F:\VS\学校作业\图形学\MFCGraph2\Debug\MFCGraph2.pdb" /SUBSYSTEM:WINDOWS /TLBID:1 /ENTRY:"wWinMainCRTStartup" /DYNAMICBASE /NXCOMPAT /IMPLIB:"F:\VS\学校作业\图形学\MFCGraph2\Debug\MFCGraph2.lib" /MACHINE:X86 Debug\MFCGraph2.res
         Debug\MainFrm.obj
         Debug\MFCGraph2.obj
         Debug\MFCGraph2Doc.obj
         Debug\MFCGraph2View.obj
         Debug\stdafx.obj
         MFCGraph2.vcxproj -> F:\VS\学校作业\图形学\MFCGraph2\Debug\MFCGraph2.exe
     1>已完成生成项目“F:\VS\学校作业\图形学\MFCGraph2\MFCGraph2\MFCGraph2.vcxproj”(Build 个目标)的操作。

生成成功。

已用时间 00:00:21.17
